This file contains any messages produced by compilers while
running configure, to aid debugging if configure makes a mistake.

It was created by WanT configure 2.0, which was
generated by GNU Autoconf 2.57.  Invocation command line was

  $ ./conf/configure 

## --------- ##
## Platform. ##
## --------- ##

hostname = neon.lbl.gov
uname -m = x86_64
uname -r = 2.6.24-22-generic
uname -s = Linux
uname -v = #1 SMP Mon Nov 24 19:35:06 UTC 2008

/usr/bin/uname -p = unknown
/bin/uname -X     = unknown

/bin/arch              = unknown
/usr/bin/arch -k       = unknown
/usr/convex/getsysinfo = unknown
hostinfo               = unknown
/bin/machine           = unknown
/usr/bin/oslevel       = unknown
/bin/universe          = unknown

PATH: /opt/vmd/bin
PATH: /opt/XCrySDen/XCrySDen-1.4.1bin-static
PATH: /opt/openmpi/default/bin
PATH: /opt/intel/idbe/10.1.018/bin
PATH: /opt/intel/fce/10.1.018/bin
PATH: /opt/intel/cce/10.1.018/bin
PATH: /usr/local/sbin
PATH: /usr/local/bin
PATH: /usr/sbin
PATH: /usr/bin
PATH: /sbin
PATH: /bin
PATH: /usr/games
PATH: /opt/XCrySDen/XCrySDen-1.4.1bin-static/scripts
PATH: /opt/XCrySDen/XCrySDen-1.4.1bin-static/util
PATH: /opt/matlab73/bin
PATH: /opt/Mathematica/5.2/Executables
PATH: /opt/opendx/dx/bin


## ----------- ##
## Core tests. ##
## ----------- ##

configure:1358: checking build system type
configure:1376: result: x86_64-unknown-linux-gnu
configure:1540: checking for ifort
configure:1556: found /opt/intel/fce/10.1.018/bin/ifort
configure:1566: result: ifort
configure:1581: checking for Fortran 77 compiler version
configure:1584: ifort --version </dev/null >&5
ifort (IFORT) 10.1 20080801
Copyright (C) 1985-2008 Intel Corporation.  All rights reserved.

configure:1587: $? = 0
configure:1589: ifort -v </dev/null >&5
Version 10.1 
configure:1592: $? = 0
configure:1594: ifort -V </dev/null >&5
Intel(R) Fortran Compiler for applications running on Intel(R) 64, Version 10.1    Build 20080801 Package ID: l_fc_p_10.1.018
Copyright (C) 1985-2008 Intel Corporation.  All rights reserved.
FOR NON-COMMERCIAL USE ONLY

configure:1597: $? = 0
configure:1610: checking for Fortran 77 compiler default output
configure:1613: ifort   conftest.f  >&5
configure:1616: $? = 0
configure:1662: result: a.out
configure:1667: checking whether the Fortran 77 compiler works
configure:1693: result: yes
configure:1700: checking whether we are cross compiling
configure:1702: result: yes
configure:1705: checking for suffix of executables
configure:1707: ifort -o conftest   conftest.f  >&5
configure:1710: $? = 0
configure:1735: result: 
configure:1741: checking for suffix of object files
configure:1752: ifort -c  conftest.f >&5
configure:1755: $? = 0
configure:1777: result: o
configure:1785: checking whether we are using the GNU Fortran 77 compiler
configure:1799: ifort -c  conftest.F >&5
fortcom: Error: conftest.F, line 3: Syntax error, found END-OF-STATEMENT when expecting one of: => = . ( : %
       choke me
---------------^
fortcom: Error: conftest.F, line 3: This statement is positioned incorrectly and/or has syntax errors.
       choke me
---------------^
compilation aborted for conftest.F (code 1)
configure:1802: $? = 1
configure: failed program was:
|       program main
| #ifndef __GNUC__
|        choke me
| #endif
| 
|       end
configure:1821: result: no
configure:1828: checking whether ifort accepts -g
configure:1840: ifort -c -g conftest.f >&5
configure:1843: $? = 0
configure:1846: test -s conftest.o
configure:1849: $? = 0
configure:1861: result: yes
configure:2058: checking for ifort
configure:2074: found /opt/intel/fce/10.1.018/bin/ifort
configure:2084: result: ifort
configure:2099: checking for Fortran 77 compiler version
configure:2102: ifort --version </dev/null >&5
ifort (IFORT) 10.1 20080801
Copyright (C) 1985-2008 Intel Corporation.  All rights reserved.

configure:2105: $? = 0
configure:2107: ifort -v </dev/null >&5
Version 10.1 
configure:2110: $? = 0
configure:2112: ifort -V </dev/null >&5
Intel(R) Fortran Compiler for applications running on Intel(R) 64, Version 10.1    Build 20080801 Package ID: l_fc_p_10.1.018
Copyright (C) 1985-2008 Intel Corporation.  All rights reserved.
FOR NON-COMMERCIAL USE ONLY

configure:2115: $? = 0
configure:2122: checking whether we are using the GNU Fortran 77 compiler
configure:2136: ifort -c -g conftest.F >&5
fortcom: Error: conftest.F, line 3: Syntax error, found END-OF-STATEMENT when expecting one of: => = . ( : %
       choke me
---------------^
fortcom: Error: conftest.F, line 3: This statement is positioned incorrectly and/or has syntax errors.
       choke me
---------------^
compilation aborted for conftest.F (code 1)
configure:2139: $? = 1
configure: failed program was:
|       program main
| #ifndef __GNUC__
|        choke me
| #endif
| 
|       end
configure:2158: result: no
configure:2165: checking whether ifort accepts -g
configure:2177: ifort -c -g conftest.f >&5
configure:2180: $? = 0
configure:2183: test -s conftest.o
configure:2186: $? = 0
configure:2198: result: yes
configure:2277: checking for icc
configure:2293: found /opt/intel/cce/10.1.018/bin/icc
configure:2303: result: icc
configure:2324: checking for C compiler version
configure:2327: icc --version </dev/null >&5
icc (ICC) 10.1 20080801
Copyright (C) 1985-2008 Intel Corporation.  All rights reserved.

configure:2330: $? = 0
configure:2332: icc -v </dev/null >&5
Version 10.1 
configure:2335: $? = 0
configure:2337: icc -V </dev/null >&5
Intel(R) C Compiler for applications running on Intel(R) 64, Version 10.1    Build 20080801 Package ID: l_cc_p_10.1.018
Copyright (C) 1985-2008 Intel Corporation.  All rights reserved.
FOR NON-COMMERCIAL USE ONLY

configure:2340: $? = 0
configure:2343: checking whether we are using the GNU C compiler
configure:2368: icc -c   conftest.c >&5
configure:2371: $? = 0
configure:2374: test -s conftest.o
configure:2377: $? = 0
configure:2390: result: yes
configure:2396: checking whether icc accepts -g
configure:2418: icc -c -g  conftest.c >&5
configure:2421: $? = 0
configure:2424: test -s conftest.o
configure:2427: $? = 0
configure:2438: result: yes
configure:2455: checking for icc option to accept ANSI C
configure:2516: icc  -c -g -O2  conftest.c >&5
configure:2519: $? = 0
configure:2522: test -s conftest.o
configure:2525: $? = 0
configure:2543: result: none needed
configure:2561: icc -c -g -O2  conftest.c >&5
conftest.c(2): error: identifier "choke" is undefined
    choke me
    ^

conftest.c(3): error: expected a ";"

compilation aborted for conftest.c (code 2)
configure:2564: $? = 2
configure: failed program was:
| #ifndef __cplusplus
|   choke me
| #endif
configure:2986: checking how to run the C preprocessor
configure:3022: icc -E  conftest.c
configure:3028: $? = 0
configure:3060: icc -E  conftest.c
configure(3059): error #5: could not open source file "ac_nonexistent.h"
  #include <ac_nonexistent.h>
                             ^

configure:3066: $? = 2
configure: failed program was:
| #line 3051 "configure"
| /* confdefs.h.  */
| 
| #define PACKAGE_NAME "WanT"
| #define PACKAGE_TARNAME "want"
| #define PACKAGE_VERSION "2.0"
| #define PACKAGE_STRING "WanT 2.0"
| #define PACKAGE_BUGREPORT ""
| /* end confdefs.h.  */
| #include <ac_nonexistent.h>
configure:3104: result: icc -E
configure:3129: icc -E  conftest.c
configure:3135: $? = 0
configure:3167: icc -E  conftest.c
configure(3166): error #5: could not open source file "ac_nonexistent.h"
  #include <ac_nonexistent.h>
                             ^

configure:3173: $? = 2
configure: failed program was:
| #line 3158 "configure"
| /* confdefs.h.  */
| 
| #define PACKAGE_NAME "WanT"
| #define PACKAGE_TARNAME "want"
| #define PACKAGE_VERSION "2.0"
| #define PACKAGE_STRING "WanT 2.0"
| #define PACKAGE_BUGREPORT ""
| /* end confdefs.h.  */
| #include <ac_nonexistent.h>
configure:3239: checking whether make sets $(MAKE)
configure:3259: result: yes
configure:3401: checking for library containing zggev
configure:3414: ifort -o conftest -O2 -assume byterecl  -nomodule   conftest.f  >&5
/tmp/ifort4iEvP9.o: In function `MAIN__':
conftest.f:(.text+0x29): undefined reference to `zggev_'
configure:3417: $? = 1
configure: failed program was:
|       program main
|       call zggev
|       end
configure:3441: ifort -o conftest -O2 -assume byterecl  -nomodule   conftest.f -lmkl_lapack -lmkl_ipf -lguide  >&5
ld: cannot find -lmkl_ipf
configure:3444: $? = 1
configure: failed program was:
|       program main
|       call zggev
|       end
configure:3464: result: no
configure:3401: checking for library containing zggev
configure:3414: ifort -o conftest -O2 -assume byterecl  -nomodule  -L/usr/local/lib conftest.f  >&5
/tmp/ifortsSaayd.o: In function `MAIN__':
conftest.f:(.text+0x29): undefined reference to `zggev_'
configure:3417: $? = 1
configure: failed program was:
|       program main
|       call zggev
|       end
configure:3441: ifort -o conftest -O2 -assume byterecl  -nomodule  -L/usr/local/lib conftest.f -lmkl_lapack -lmkl_ipf -lguide  >&5
ld: cannot find -lmkl_ipf
configure:3444: $? = 1
configure: failed program was:
|       program main
|       call zggev
|       end
configure:3464: result: no
configure:3401: checking for library containing zggev
configure:3414: ifort -o conftest -O2 -assume byterecl  -nomodule  -L/opt/intel/mkl72/lib/64 conftest.f  >&5
/tmp/ifortf2sYgJ.o: In function `MAIN__':
conftest.f:(.text+0x29): undefined reference to `zggev_'
configure:3417: $? = 1
configure: failed program was:
|       program main
|       call zggev
|       end
configure:3441: ifort -o conftest -O2 -assume byterecl  -nomodule  -L/opt/intel/mkl72/lib/64 conftest.f -lmkl_lapack -lmkl_ipf -lguide  >&5
ld: cannot find -lmkl_ipf
configure:3444: $? = 1
configure: failed program was:
|       program main
|       call zggev
|       end
configure:3464: result: no
configure:3401: checking for library containing zggev
configure:3414: ifort -o conftest -O2 -assume byterecl  -nomodule  -L/opt/intel/mkl701/lib/64 conftest.f  >&5
/tmp/ifortqVD4Q5.o: In function `MAIN__':
conftest.f:(.text+0x29): undefined reference to `zggev_'
configure:3417: $? = 1
configure: failed program was:
|       program main
|       call zggev
|       end
configure:3441: ifort -o conftest -O2 -assume byterecl  -nomodule  -L/opt/intel/mkl701/lib/64 conftest.f -lmkl_lapack -lmkl_ipf -lguide  >&5
ld: cannot find -lmkl_ipf
configure:3444: $? = 1
configure: failed program was:
|       program main
|       call zggev
|       end
configure:3464: result: no
configure:3401: checking for library containing zggev
configure:3414: ifort -o conftest -O2 -assume byterecl  -nomodule  -L/opt/intel/mkl70/lib/64 conftest.f  >&5
/tmp/ifortyEgYAs.o: In function `MAIN__':
conftest.f:(.text+0x29): undefined reference to `zggev_'
configure:3417: $? = 1
configure: failed program was:
|       program main
|       call zggev
|       end
configure:3441: ifort -o conftest -O2 -assume byterecl  -nomodule  -L/opt/intel/mkl70/lib/64 conftest.f -lmkl_lapack -lmkl_ipf -lguide  >&5
ld: cannot find -lmkl_ipf
configure:3444: $? = 1
configure: failed program was:
|       program main
|       call zggev
|       end
configure:3464: result: no
configure:3401: checking for library containing zggev
configure:3414: ifort -o conftest -O2 -assume byterecl  -nomodule  -L/opt/intel/mkl/mkl61/lib/64 conftest.f  >&5
/tmp/ifortRftZqY.o: In function `MAIN__':
conftest.f:(.text+0x29): undefined reference to `zggev_'
configure:3417: $? = 1
configure: failed program was:
|       program main
|       call zggev
|       end
configure:3441: ifort -o conftest -O2 -assume byterecl  -nomodule  -L/opt/intel/mkl/mkl61/lib/64 conftest.f -lmkl_lapack -lmkl_ipf -lguide  >&5
ld: cannot find -lmkl_ipf
configure:3444: $? = 1
configure: failed program was:
|       program main
|       call zggev
|       end
configure:3464: result: no
configure:3401: checking for library containing zggev
configure:3414: ifort -o conftest -O2 -assume byterecl  -nomodule  -L/opt/intel/mkl/lib/64 conftest.f  >&5
/tmp/ifortvQBWZo.o: In function `MAIN__':
conftest.f:(.text+0x29): undefined reference to `zggev_'
configure:3417: $? = 1
configure: failed program was:
|       program main
|       call zggev
|       end
configure:3441: ifort -o conftest -O2 -assume byterecl  -nomodule  -L/opt/intel/mkl/lib/64 conftest.f -lmkl_lapack -lmkl_ipf -lguide  >&5
ld: cannot find -lmkl_ipf
configure:3444: $? = 1
configure: failed program was:
|       program main
|       call zggev
|       end
configure:3464: result: no
configure:3401: checking for library containing zggev
configure:3414: ifort -o conftest -O2 -assume byterecl  -nomodule  -L/opt/intel/mkl61/lib/64 conftest.f  >&5
/tmp/ifortgLUxdL.o: In function `MAIN__':
conftest.f:(.text+0x29): undefined reference to `zggev_'
configure:3417: $? = 1
configure: failed program was:
|       program main
|       call zggev
|       end
configure:3441: ifort -o conftest -O2 -assume byterecl  -nomodule  -L/opt/intel/mkl61/lib/64 conftest.f -lmkl_lapack -lmkl_ipf -lguide  >&5
ld: cannot find -lmkl_ipf
configure:3444: $? = 1
configure: failed program was:
|       program main
|       call zggev
|       end
configure:3464: result: no
configure:3401: checking for library containing zggev
configure:3414: ifort -o conftest -O2 -assume byterecl  -nomodule  -L/opt/openmpi/default/lib conftest.f  >&5
/tmp/ifortfXVcBc.o: In function `MAIN__':
conftest.f:(.text+0x29): undefined reference to `zggev_'
configure:3417: $? = 1
configure: failed program was:
|       program main
|       call zggev
|       end
configure:3441: ifort -o conftest -O2 -assume byterecl  -nomodule  -L/opt/openmpi/default/lib conftest.f -lmkl_lapack -lmkl_ipf -lguide  >&5
ld: cannot find -lmkl_ipf
configure:3444: $? = 1
configure: failed program was:
|       program main
|       call zggev
|       end
configure:3464: result: no
configure:3401: checking for library containing zggev
configure:3414: ifort -o conftest -O2 -assume byterecl  -nomodule  -L/opt/intel/mkl/10.0.5.025/lib/em64t conftest.f  >&5
/tmp/ifortwZYMDL.o: In function `MAIN__':
conftest.f:(.text+0x29): undefined reference to `zggev_'
configure:3417: $? = 1
configure: failed program was:
|       program main
|       call zggev
|       end
configure:3441: ifort -o conftest -O2 -assume byterecl  -nomodule  -L/opt/intel/mkl/10.0.5.025/lib/em64t conftest.f -lmkl_lapack -lmkl_ipf -lguide  >&5
ld: cannot find -lmkl_ipf
configure:3444: $? = 1
configure: failed program was:
|       program main
|       call zggev
|       end
configure:3464: result: no
configure:3401: checking for library containing zggev
configure:3414: ifort -o conftest -O2 -assume byterecl  -nomodule  -L/opt/intel/fce/10.1.018/lib conftest.f  >&5
/tmp/ifortVDV8Tb.o: In function `MAIN__':
conftest.f:(.text+0x29): undefined reference to `zggev_'
configure:3417: $? = 1
configure: failed program was:
|       program main
|       call zggev
|       end
configure:3441: ifort -o conftest -O2 -assume byterecl  -nomodule  -L/opt/intel/fce/10.1.018/lib conftest.f -lmkl_lapack -lmkl_ipf -lguide  >&5
ld: cannot find -lmkl_ipf
configure:3444: $? = 1
configure: failed program was:
|       program main
|       call zggev
|       end
configure:3464: result: no
configure:3401: checking for library containing zggev
configure:3414: ifort -o conftest -O2 -assume byterecl  -nomodule  -L/opt/intel/cce/10.1.018/lib conftest.f  >&5
/tmp/ifortcW9Exw.o: In function `MAIN__':
conftest.f:(.text+0x29): undefined reference to `zggev_'
configure:3417: $? = 1
configure: failed program was:
|       program main
|       call zggev
|       end
configure:3441: ifort -o conftest -O2 -assume byterecl  -nomodule  -L/opt/intel/cce/10.1.018/lib conftest.f -lmkl_lapack -lmkl_ipf -lguide  >&5
ld: cannot find -lmkl_ipf
configure:3444: $? = 1
configure: failed program was:
|       program main
|       call zggev
|       end
configure:3464: result: no
configure:3978: checking for library containing dgemm
configure:3991: ifort -o conftest -O2 -assume byterecl  -nomodule   conftest.f  >&5
/tmp/ifortX1DrQe.o: In function `MAIN__':
conftest.f:(.text+0x29): undefined reference to `dgemm_'
configure:3994: $? = 1
configure: failed program was:
|       program main
|       call dgemm
|       end
configure:4018: ifort -o conftest -O2 -assume byterecl  -nomodule   conftest.f -lf77blas -latlas -lg2c  >&5
ld: cannot find -lf77blas
configure:4021: $? = 1
configure: failed program was:
|       program main
|       call dgemm
|       end
configure:4041: result: no
configure:3978: checking for library containing dgemm
configure:3991: ifort -o conftest -O2 -assume byterecl  -nomodule  -L/usr/local/lib conftest.f  >&5
/tmp/ifortTSOVqC.o: In function `MAIN__':
conftest.f:(.text+0x29): undefined reference to `dgemm_'
configure:3994: $? = 1
configure: failed program was:
|       program main
|       call dgemm
|       end
configure:4018: ifort -o conftest -O2 -assume byterecl  -nomodule  -L/usr/local/lib conftest.f -lf77blas -latlas -lg2c  >&5
ld: cannot find -lf77blas
configure:4021: $? = 1
configure: failed program was:
|       program main
|       call dgemm
|       end
configure:4041: result: no
configure:3978: checking for library containing dgemm
configure:3991: ifort -o conftest -O2 -assume byterecl  -nomodule  -L/opt/intel/mkl72/lib/64 conftest.f  >&5
/tmp/ifortcXdXU2.o: In function `MAIN__':
conftest.f:(.text+0x29): undefined reference to `dgemm_'
configure:3994: $? = 1
configure: failed program was:
|       program main
|       call dgemm
|       end
configure:4018: ifort -o conftest -O2 -assume byterecl  -nomodule  -L/opt/intel/mkl72/lib/64 conftest.f -lf77blas -latlas -lg2c  >&5
ld: cannot find -lf77blas
configure:4021: $? = 1
configure: failed program was:
|       program main
|       call dgemm
|       end
configure:4041: result: no
configure:3978: checking for library containing dgemm
configure:3991: ifort -o conftest -O2 -assume byterecl  -nomodule  -L/opt/intel/mkl701/lib/64 conftest.f  >&5
/tmp/ifortFbmnep.o: In function `MAIN__':
conftest.f:(.text+0x29): undefined reference to `dgemm_'
configure:3994: $? = 1
configure: failed program was:
|       program main
|       call dgemm
|       end
configure:4018: ifort -o conftest -O2 -assume byterecl  -nomodule  -L/opt/intel/mkl701/lib/64 conftest.f -lf77blas -latlas -lg2c  >&5
ld: cannot find -lf77blas
configure:4021: $? = 1
configure: failed program was:
|       program main
|       call dgemm
|       end
configure:4041: result: no
configure:3978: checking for library containing dgemm
configure:3991: ifort -o conftest -O2 -assume byterecl  -nomodule  -L/opt/intel/mkl70/lib/64 conftest.f  >&5
/tmp/ifortHi0VbI.o: In function `MAIN__':
conftest.f:(.text+0x29): undefined reference to `dgemm_'
configure:3994: $? = 1
configure: failed program was:
|       program main
|       call dgemm
|       end
configure:4018: ifort -o conftest -O2 -assume byterecl  -nomodule  -L/opt/intel/mkl70/lib/64 conftest.f -lf77blas -latlas -lg2c  >&5
ld: cannot find -lf77blas
configure:4021: $? = 1
configure: failed program was:
|       program main
|       call dgemm
|       end
configure:4041: result: no
configure:3978: checking for library containing dgemm
configure:3991: ifort -o conftest -O2 -assume byterecl  -nomodule  -L/opt/intel/mkl/mkl61/lib/64 conftest.f  >&5
/tmp/ifortyNPr14.o: In function `MAIN__':
conftest.f:(.text+0x29): undefined reference to `dgemm_'
configure:3994: $? = 1
configure: failed program was:
|       program main
|       call dgemm
|       end
configure:4018: ifort -o conftest -O2 -assume byterecl  -nomodule  -L/opt/intel/mkl/mkl61/lib/64 conftest.f -lf77blas -latlas -lg2c  >&5
ld: cannot find -lf77blas
configure:4021: $? = 1
configure: failed program was:
|       program main
|       call dgemm
|       end
configure:4041: result: no
configure:3978: checking for library containing dgemm
configure:3991: ifort -o conftest -O2 -assume byterecl  -nomodule  -L/opt/intel/mkl/lib/64 conftest.f  >&5
/tmp/ifortBHYjPu.o: In function `MAIN__':
conftest.f:(.text+0x29): undefined reference to `dgemm_'
configure:3994: $? = 1
configure: failed program was:
|       program main
|       call dgemm
|       end
configure:4018: ifort -o conftest -O2 -assume byterecl  -nomodule  -L/opt/intel/mkl/lib/64 conftest.f -lf77blas -latlas -lg2c  >&5
ld: cannot find -lf77blas
configure:4021: $? = 1
configure: failed program was:
|       program main
|       call dgemm
|       end
configure:4041: result: no
configure:3978: checking for library containing dgemm
configure:3991: ifort -o conftest -O2 -assume byterecl  -nomodule  -L/opt/intel/mkl61/lib/64 conftest.f  >&5
/tmp/ifort9rG2sW.o: In function `MAIN__':
conftest.f:(.text+0x29): undefined reference to `dgemm_'
configure:3994: $? = 1
configure: failed program was:
|       program main
|       call dgemm
|       end
configure:4018: ifort -o conftest -O2 -assume byterecl  -nomodule  -L/opt/intel/mkl61/lib/64 conftest.f -lf77blas -latlas -lg2c  >&5
ld: cannot find -lf77blas
configure:4021: $? = 1
configure: failed program was:
|       program main
|       call dgemm
|       end
configure:4041: result: no
configure:3978: checking for library containing dgemm
configure:3991: ifort -o conftest -O2 -assume byterecl  -nomodule  -L/opt/openmpi/default/lib conftest.f  >&5
/tmp/ifort8Icbgc.o: In function `MAIN__':
conftest.f:(.text+0x29): undefined reference to `dgemm_'
configure:3994: $? = 1
configure: failed program was:
|       program main
|       call dgemm
|       end
configure:4018: ifort -o conftest -O2 -assume byterecl  -nomodule  -L/opt/openmpi/default/lib conftest.f -lf77blas -latlas -lg2c  >&5
ld: cannot find -lf77blas
configure:4021: $? = 1
configure: failed program was:
|       program main
|       call dgemm
|       end
configure:4041: result: no
configure:3978: checking for library containing dgemm
configure:3991: ifort -o conftest -O2 -assume byterecl  -nomodule  -L/opt/intel/mkl/10.0.5.025/lib/em64t conftest.f  >&5
/tmp/ifortvYRvYB.o: In function `MAIN__':
conftest.f:(.text+0x29): undefined reference to `dgemm_'
configure:3994: $? = 1
configure: failed program was:
|       program main
|       call dgemm
|       end
configure:4018: ifort -o conftest -O2 -assume byterecl  -nomodule  -L/opt/intel/mkl/10.0.5.025/lib/em64t conftest.f -lf77blas -latlas -lg2c  >&5
ld: cannot find -lf77blas
configure:4021: $? = 1
configure: failed program was:
|       program main
|       call dgemm
|       end
configure:4041: result: no
configure:3978: checking for library containing dgemm
configure:3991: ifort -o conftest -O2 -assume byterecl  -nomodule  -L/opt/intel/fce/10.1.018/lib conftest.f  >&5
/tmp/ifortnJ3ix2.o: In function `MAIN__':
conftest.f:(.text+0x29): undefined reference to `dgemm_'
configure:3994: $? = 1
configure: failed program was:
|       program main
|       call dgemm
|       end
configure:4018: ifort -o conftest -O2 -assume byterecl  -nomodule  -L/opt/intel/fce/10.1.018/lib conftest.f -lf77blas -latlas -lg2c  >&5
ld: cannot find -lf77blas
configure:4021: $? = 1
configure: failed program was:
|       program main
|       call dgemm
|       end
configure:4041: result: no
configure:3978: checking for library containing dgemm
configure:3991: ifort -o conftest -O2 -assume byterecl  -nomodule  -L/opt/intel/cce/10.1.018/lib conftest.f  >&5
/tmp/ifortry0tig.o: In function `MAIN__':
conftest.f:(.text+0x29): undefined reference to `dgemm_'
configure:3994: $? = 1
configure: failed program was:
|       program main
|       call dgemm
|       end
configure:4018: ifort -o conftest -O2 -assume byterecl  -nomodule  -L/opt/intel/cce/10.1.018/lib conftest.f -lf77blas -latlas -lg2c  >&5
ld: cannot find -lf77blas
configure:4021: $? = 1
configure: failed program was:
|       program main
|       call dgemm
|       end
configure:4041: result: no
configure:4072: checking for library containing dgemm
configure:4085: ifort -o conftest -O2 -assume byterecl  -nomodule   conftest.f  >&5
/tmp/ifortV0d0hU.o: In function `MAIN__':
conftest.f:(.text+0x29): undefined reference to `dgemm_'
configure:4088: $? = 1
configure: failed program was:
|       program main
|       call dgemm
|       end
configure:4112: ifort -o conftest -O2 -assume byterecl  -nomodule   conftest.f -lblas   >&5
configure:4115: $? = 0
configure:4118: test -s conftest
configure:4121: $? = 0
configure:4135: result: -lblas
configure:4164: checking for library containing zggev
configure:4177: ifort -o conftest -O2 -assume byterecl  -nomodule   conftest.f  -lblas  >&5
/tmp/ifort0xhNSJ.o: In function `MAIN__':
conftest.f:(.text+0x29): undefined reference to `zggev_'
configure:4180: $? = 1
configure: failed program was:
|       program main
|       call zggev
|       end
configure:4204: ifort -o conftest -O2 -assume byterecl  -nomodule   conftest.f -llapack   -lblas  >&5
configure:4207: $? = 0
configure:4210: test -s conftest
configure:4213: $? = 0
configure:4227: result: -llapack
configure:4434: checking for library containing fftwnd
configure:4465: icc -o conftest -O3 -O3   conftest.c  -llapack  -lblas  >&5
/tmp/icc170esj.o: In function `main':
conftest.c:(.text+0x1d): undefined reference to `fftwnd'
configure:4468: $? = 1
configure: failed program was:
| #line 4441 "configure"
| /* confdefs.h.  */
| 
| #define PACKAGE_NAME "WanT"
| #define PACKAGE_TARNAME "want"
| #define PACKAGE_VERSION "2.0"
| #define PACKAGE_STRING "WanT 2.0"
| #define PACKAGE_BUGREPORT ""
| /* end confdefs.h.  */
| 
| /* Override any gcc2 internal prototype to avoid an error.  */
| #ifdef __cplusplus
| extern "C"
| #endif
| /* We use char because int might match the return type of a gcc2
|    builtin and then its argument prototype would still apply.  */
| char fftwnd ();
| int
| main ()
| {
| fftwnd ();
|   ;
|   return 0;
| }
configure:4510: icc -o conftest -O3 -O3   conftest.c -lfftw -lm  -llapack  -lblas  >&5
ld: cannot find -lfftw
configure:4513: $? = 1
configure: failed program was:
| #line 4486 "configure"
| /* confdefs.h.  */
| 
| #define PACKAGE_NAME "WanT"
| #define PACKAGE_TARNAME "want"
| #define PACKAGE_VERSION "2.0"
| #define PACKAGE_STRING "WanT 2.0"
| #define PACKAGE_BUGREPORT ""
| /* end confdefs.h.  */
| 
| /* Override any gcc2 internal prototype to avoid an error.  */
| #ifdef __cplusplus
| extern "C"
| #endif
| /* We use char because int might match the return type of a gcc2
|    builtin and then its argument prototype would still apply.  */
| char fftwnd ();
| int
| main ()
| {
| fftwnd ();
|   ;
|   return 0;
| }
configure:4533: result: no
configure:4434: checking for library containing fftwnd
configure:4465: icc -o conftest -O3 -O3  -L/usr/local/lib conftest.c  -llapack  -lblas  >&5
/tmp/iccdecjPP.o: In function `main':
conftest.c:(.text+0x1d): undefined reference to `fftwnd'
configure:4468: $? = 1
configure: failed program was:
| #line 4441 "configure"
| /* confdefs.h.  */
| 
| #define PACKAGE_NAME "WanT"
| #define PACKAGE_TARNAME "want"
| #define PACKAGE_VERSION "2.0"
| #define PACKAGE_STRING "WanT 2.0"
| #define PACKAGE_BUGREPORT ""
| /* end confdefs.h.  */
| 
| /* Override any gcc2 internal prototype to avoid an error.  */
| #ifdef __cplusplus
| extern "C"
| #endif
| /* We use char because int might match the return type of a gcc2
|    builtin and then its argument prototype would still apply.  */
| char fftwnd ();
| int
| main ()
| {
| fftwnd ();
|   ;
|   return 0;
| }
configure:4510: icc -o conftest -O3 -O3  -L/usr/local/lib conftest.c -lfftw -lm  -llapack  -lblas  >&5
ld: cannot find -lfftw
configure:4513: $? = 1
configure: failed program was:
| #line 4486 "configure"
| /* confdefs.h.  */
| 
| #define PACKAGE_NAME "WanT"
| #define PACKAGE_TARNAME "want"
| #define PACKAGE_VERSION "2.0"
| #define PACKAGE_STRING "WanT 2.0"
| #define PACKAGE_BUGREPORT ""
| /* end confdefs.h.  */
| 
| /* Override any gcc2 internal prototype to avoid an error.  */
| #ifdef __cplusplus
| extern "C"
| #endif
| /* We use char because int might match the return type of a gcc2
|    builtin and then its argument prototype would still apply.  */
| char fftwnd ();
| int
| main ()
| {
| fftwnd ();
|   ;
|   return 0;
| }
configure:4533: result: no
configure:4434: checking for library containing fftwnd
configure:4465: icc -o conftest -O3 -O3  -L/opt/intel/mkl72/lib/64 conftest.c  -llapack  -lblas  >&5
/tmp/icc4jVSub.o: In function `main':
conftest.c:(.text+0x1d): undefined reference to `fftwnd'
configure:4468: $? = 1
configure: failed program was:
| #line 4441 "configure"
| /* confdefs.h.  */
| 
| #define PACKAGE_NAME "WanT"
| #define PACKAGE_TARNAME "want"
| #define PACKAGE_VERSION "2.0"
| #define PACKAGE_STRING "WanT 2.0"
| #define PACKAGE_BUGREPORT ""
| /* end confdefs.h.  */
| 
| /* Override any gcc2 internal prototype to avoid an error.  */
| #ifdef __cplusplus
| extern "C"
| #endif
| /* We use char because int might match the return type of a gcc2
|    builtin and then its argument prototype would still apply.  */
| char fftwnd ();
| int
| main ()
| {
| fftwnd ();
|   ;
|   return 0;
| }
configure:4510: icc -o conftest -O3 -O3  -L/opt/intel/mkl72/lib/64 conftest.c -lfftw -lm  -llapack  -lblas  >&5
ld: cannot find -lfftw
configure:4513: $? = 1
configure: failed program was:
| #line 4486 "configure"
| /* confdefs.h.  */
| 
| #define PACKAGE_NAME "WanT"
| #define PACKAGE_TARNAME "want"
| #define PACKAGE_VERSION "2.0"
| #define PACKAGE_STRING "WanT 2.0"
| #define PACKAGE_BUGREPORT ""
| /* end confdefs.h.  */
| 
| /* Override any gcc2 internal prototype to avoid an error.  */
| #ifdef __cplusplus
| extern "C"
| #endif
| /* We use char because int might match the return type of a gcc2
|    builtin and then its argument prototype would still apply.  */
| char fftwnd ();
| int
| main ()
| {
| fftwnd ();
|   ;
|   return 0;
| }
configure:4533: result: no
configure:4434: checking for library containing fftwnd
configure:4465: icc -o conftest -O3 -O3  -L/opt/intel/mkl701/lib/64 conftest.c  -llapack  -lblas  >&5
/tmp/iccVVMwSu.o: In function `main':
conftest.c:(.text+0x1d): undefined reference to `fftwnd'
configure:4468: $? = 1
configure: failed program was:
| #line 4441 "configure"
| /* confdefs.h.  */
| 
| #define PACKAGE_NAME "WanT"
| #define PACKAGE_TARNAME "want"
| #define PACKAGE_VERSION "2.0"
| #define PACKAGE_STRING "WanT 2.0"
| #define PACKAGE_BUGREPORT ""
| /* end confdefs.h.  */
| 
| /* Override any gcc2 internal prototype to avoid an error.  */
| #ifdef __cplusplus
| extern "C"
| #endif
| /* We use char because int might match the return type of a gcc2
|    builtin and then its argument prototype would still apply.  */
| char fftwnd ();
| int
| main ()
| {
| fftwnd ();
|   ;
|   return 0;
| }
configure:4510: icc -o conftest -O3 -O3  -L/opt/intel/mkl701/lib/64 conftest.c -lfftw -lm  -llapack  -lblas  >&5
ld: cannot find -lfftw
configure:4513: $? = 1
configure: failed program was:
| #line 4486 "configure"
| /* confdefs.h.  */
| 
| #define PACKAGE_NAME "WanT"
| #define PACKAGE_TARNAME "want"
| #define PACKAGE_VERSION "2.0"
| #define PACKAGE_STRING "WanT 2.0"
| #define PACKAGE_BUGREPORT ""
| /* end confdefs.h.  */
| 
| /* Override any gcc2 internal prototype to avoid an error.  */
| #ifdef __cplusplus
| extern "C"
| #endif
| /* We use char because int might match the return type of a gcc2
|    builtin and then its argument prototype would still apply.  */
| char fftwnd ();
| int
| main ()
| {
| fftwnd ();
|   ;
|   return 0;
| }
configure:4533: result: no
configure:4434: checking for library containing fftwnd
configure:4465: icc -o conftest -O3 -O3  -L/opt/intel/mkl70/lib/64 conftest.c  -llapack  -lblas  >&5
/tmp/icczfdP6I.o: In function `main':
conftest.c:(.text+0x1d): undefined reference to `fftwnd'
configure:4468: $? = 1
configure: failed program was:
| #line 4441 "configure"
| /* confdefs.h.  */
| 
| #define PACKAGE_NAME "WanT"
| #define PACKAGE_TARNAME "want"
| #define PACKAGE_VERSION "2.0"
| #define PACKAGE_STRING "WanT 2.0"
| #define PACKAGE_BUGREPORT ""
| /* end confdefs.h.  */
| 
| /* Override any gcc2 internal prototype to avoid an error.  */
| #ifdef __cplusplus
| extern "C"
| #endif
| /* We use char because int might match the return type of a gcc2
|    builtin and then its argument prototype would still apply.  */
| char fftwnd ();
| int
| main ()
| {
| fftwnd ();
|   ;
|   return 0;
| }
configure:4510: icc -o conftest -O3 -O3  -L/opt/intel/mkl70/lib/64 conftest.c -lfftw -lm  -llapack  -lblas  >&5
ld: cannot find -lfftw
configure:4513: $? = 1
configure: failed program was:
| #line 4486 "configure"
| /* confdefs.h.  */
| 
| #define PACKAGE_NAME "WanT"
| #define PACKAGE_TARNAME "want"
| #define PACKAGE_VERSION "2.0"
| #define PACKAGE_STRING "WanT 2.0"
| #define PACKAGE_BUGREPORT ""
| /* end confdefs.h.  */
| 
| /* Override any gcc2 internal prototype to avoid an error.  */
| #ifdef __cplusplus
| extern "C"
| #endif
| /* We use char because int might match the return type of a gcc2
|    builtin and then its argument prototype would still apply.  */
| char fftwnd ();
| int
| main ()
| {
| fftwnd ();
|   ;
|   return 0;
| }
configure:4533: result: no
configure:4434: checking for library containing fftwnd
configure:4465: icc -o conftest -O3 -O3  -L/opt/intel/mkl/mkl61/lib/64 conftest.c  -llapack  -lblas  >&5
/tmp/iccTQABa2.o: In function `main':
conftest.c:(.text+0x1d): undefined reference to `fftwnd'
configure:4468: $? = 1
configure: failed program was:
| #line 4441 "configure"
| /* confdefs.h.  */
| 
| #define PACKAGE_NAME "WanT"
| #define PACKAGE_TARNAME "want"
| #define PACKAGE_VERSION "2.0"
| #define PACKAGE_STRING "WanT 2.0"
| #define PACKAGE_BUGREPORT ""
| /* end confdefs.h.  */
| 
| /* Override any gcc2 internal prototype to avoid an error.  */
| #ifdef __cplusplus
| extern "C"
| #endif
| /* We use char because int might match the return type of a gcc2
|    builtin and then its argument prototype would still apply.  */
| char fftwnd ();
| int
| main ()
| {
| fftwnd ();
|   ;
|   return 0;
| }
configure:4510: icc -o conftest -O3 -O3  -L/opt/intel/mkl/mkl61/lib/64 conftest.c -lfftw -lm  -llapack  -lblas  >&5
ld: cannot find -lfftw
configure:4513: $? = 1
configure: failed program was:
| #line 4486 "configure"
| /* confdefs.h.  */
| 
| #define PACKAGE_NAME "WanT"
| #define PACKAGE_TARNAME "want"
| #define PACKAGE_VERSION "2.0"
| #define PACKAGE_STRING "WanT 2.0"
| #define PACKAGE_BUGREPORT ""
| /* end confdefs.h.  */
| 
| /* Override any gcc2 internal prototype to avoid an error.  */
| #ifdef __cplusplus
| extern "C"
| #endif
| /* We use char because int might match the return type of a gcc2
|    builtin and then its argument prototype would still apply.  */
| char fftwnd ();
| int
| main ()
| {
| fftwnd ();
|   ;
|   return 0;
| }
configure:4533: result: no
configure:4434: checking for library containing fftwnd
configure:4465: icc -o conftest -O3 -O3  -L/opt/intel/mkl/lib/64 conftest.c  -llapack  -lblas  >&5
/tmp/iccWGXxPq.o: In function `main':
conftest.c:(.text+0x1d): undefined reference to `fftwnd'
configure:4468: $? = 1
configure: failed program was:
| #line 4441 "configure"
| /* confdefs.h.  */
| 
| #define PACKAGE_NAME "WanT"
| #define PACKAGE_TARNAME "want"
| #define PACKAGE_VERSION "2.0"
| #define PACKAGE_STRING "WanT 2.0"
| #define PACKAGE_BUGREPORT ""
| /* end confdefs.h.  */
| 
| /* Override any gcc2 internal prototype to avoid an error.  */
| #ifdef __cplusplus
| extern "C"
| #endif
| /* We use char because int might match the return type of a gcc2
|    builtin and then its argument prototype would still apply.  */
| char fftwnd ();
| int
| main ()
| {
| fftwnd ();
|   ;
|   return 0;
| }
configure:4510: icc -o conftest -O3 -O3  -L/opt/intel/mkl/lib/64 conftest.c -lfftw -lm  -llapack  -lblas  >&5
ld: cannot find -lfftw
configure:4513: $? = 1
configure: failed program was:
| #line 4486 "configure"
| /* confdefs.h.  */
| 
| #define PACKAGE_NAME "WanT"
| #define PACKAGE_TARNAME "want"
| #define PACKAGE_VERSION "2.0"
| #define PACKAGE_STRING "WanT 2.0"
| #define PACKAGE_BUGREPORT ""
| /* end confdefs.h.  */
| 
| /* Override any gcc2 internal prototype to avoid an error.  */
| #ifdef __cplusplus
| extern "C"
| #endif
| /* We use char because int might match the return type of a gcc2
|    builtin and then its argument prototype would still apply.  */
| char fftwnd ();
| int
| main ()
| {
| fftwnd ();
|   ;
|   return 0;
| }
configure:4533: result: no
configure:4434: checking for library containing fftwnd
configure:4465: icc -o conftest -O3 -O3  -L/opt/intel/mkl61/lib/64 conftest.c  -llapack  -lblas  >&5
/tmp/icc31tltA.o: In function `main':
conftest.c:(.text+0x1d): undefined reference to `fftwnd'
configure:4468: $? = 1
configure: failed program was:
| #line 4441 "configure"
| /* confdefs.h.  */
| 
| #define PACKAGE_NAME "WanT"
| #define PACKAGE_TARNAME "want"
| #define PACKAGE_VERSION "2.0"
| #define PACKAGE_STRING "WanT 2.0"
| #define PACKAGE_BUGREPORT ""
| /* end confdefs.h.  */
| 
| /* Override any gcc2 internal prototype to avoid an error.  */
| #ifdef __cplusplus
| extern "C"
| #endif
| /* We use char because int might match the return type of a gcc2
|    builtin and then its argument prototype would still apply.  */
| char fftwnd ();
| int
| main ()
| {
| fftwnd ();
|   ;
|   return 0;
| }
configure:4510: icc -o conftest -O3 -O3  -L/opt/intel/mkl61/lib/64 conftest.c -lfftw -lm  -llapack  -lblas  >&5
ld: cannot find -lfftw
configure:4513: $? = 1
configure: failed program was:
| #line 4486 "configure"
| /* confdefs.h.  */
| 
| #define PACKAGE_NAME "WanT"
| #define PACKAGE_TARNAME "want"
| #define PACKAGE_VERSION "2.0"
| #define PACKAGE_STRING "WanT 2.0"
| #define PACKAGE_BUGREPORT ""
| /* end confdefs.h.  */
| 
| /* Override any gcc2 internal prototype to avoid an error.  */
| #ifdef __cplusplus
| extern "C"
| #endif
| /* We use char because int might match the return type of a gcc2
|    builtin and then its argument prototype would still apply.  */
| char fftwnd ();
| int
| main ()
| {
| fftwnd ();
|   ;
|   return 0;
| }
configure:4533: result: no
configure:4434: checking for library containing fftwnd
configure:4465: icc -o conftest -O3 -O3  -L/opt/openmpi/default/lib conftest.c  -llapack  -lblas  >&5
/tmp/icck2RrHa.o: In function `main':
conftest.c:(.text+0x1d): undefined reference to `fftwnd'
configure:4468: $? = 1
configure: failed program was:
| #line 4441 "configure"
| /* confdefs.h.  */
| 
| #define PACKAGE_NAME "WanT"
| #define PACKAGE_TARNAME "want"
| #define PACKAGE_VERSION "2.0"
| #define PACKAGE_STRING "WanT 2.0"
| #define PACKAGE_BUGREPORT ""
| /* end confdefs.h.  */
| 
| /* Override any gcc2 internal prototype to avoid an error.  */
| #ifdef __cplusplus
| extern "C"
| #endif
| /* We use char because int might match the return type of a gcc2
|    builtin and then its argument prototype would still apply.  */
| char fftwnd ();
| int
| main ()
| {
| fftwnd ();
|   ;
|   return 0;
| }
configure:4510: icc -o conftest -O3 -O3  -L/opt/openmpi/default/lib conftest.c -lfftw -lm  -llapack  -lblas  >&5
ld: cannot find -lfftw
configure:4513: $? = 1
configure: failed program was:
| #line 4486 "configure"
| /* confdefs.h.  */
| 
| #define PACKAGE_NAME "WanT"
| #define PACKAGE_TARNAME "want"
| #define PACKAGE_VERSION "2.0"
| #define PACKAGE_STRING "WanT 2.0"
| #define PACKAGE_BUGREPORT ""
| /* end confdefs.h.  */
| 
| /* Override any gcc2 internal prototype to avoid an error.  */
| #ifdef __cplusplus
| extern "C"
| #endif
| /* We use char because int might match the return type of a gcc2
|    builtin and then its argument prototype would still apply.  */
| char fftwnd ();
| int
| main ()
| {
| fftwnd ();
|   ;
|   return 0;
| }
configure:4533: result: no
configure:4434: checking for library containing fftwnd
configure:4465: icc -o conftest -O3 -O3  -L/opt/intel/mkl/10.0.5.025/lib/em64t conftest.c  -llapack  -lblas  >&5
/tmp/iccUxJQYT.o: In function `main':
conftest.c:(.text+0x1d): undefined reference to `fftwnd'
configure:4468: $? = 1
configure: failed program was:
| #line 4441 "configure"
| /* confdefs.h.  */
| 
| #define PACKAGE_NAME "WanT"
| #define PACKAGE_TARNAME "want"
| #define PACKAGE_VERSION "2.0"
| #define PACKAGE_STRING "WanT 2.0"
| #define PACKAGE_BUGREPORT ""
| /* end confdefs.h.  */
| 
| /* Override any gcc2 internal prototype to avoid an error.  */
| #ifdef __cplusplus
| extern "C"
| #endif
| /* We use char because int might match the return type of a gcc2
|    builtin and then its argument prototype would still apply.  */
| char fftwnd ();
| int
| main ()
| {
| fftwnd ();
|   ;
|   return 0;
| }
configure:4510: icc -o conftest -O3 -O3  -L/opt/intel/mkl/10.0.5.025/lib/em64t conftest.c -lfftw -lm  -llapack  -lblas  >&5
ld: cannot find -lfftw
configure:4513: $? = 1
configure: failed program was:
| #line 4486 "configure"
| /* confdefs.h.  */
| 
| #define PACKAGE_NAME "WanT"
| #define PACKAGE_TARNAME "want"
| #define PACKAGE_VERSION "2.0"
| #define PACKAGE_STRING "WanT 2.0"
| #define PACKAGE_BUGREPORT ""
| /* end confdefs.h.  */
| 
| /* Override any gcc2 internal prototype to avoid an error.  */
| #ifdef __cplusplus
| extern "C"
| #endif
| /* We use char because int might match the return type of a gcc2
|    builtin and then its argument prototype would still apply.  */
| char fftwnd ();
| int
| main ()
| {
| fftwnd ();
|   ;
|   return 0;
| }
configure:4533: result: no
configure:4434: checking for library containing fftwnd
configure:4465: icc -o conftest -O3 -O3  -L/opt/intel/fce/10.1.018/lib conftest.c  -llapack  -lblas  >&5
/tmp/iccXtkNhd.o: In function `main':
conftest.c:(.text+0x1d): undefined reference to `fftwnd'
configure:4468: $? = 1
configure: failed program was:
| #line 4441 "configure"
| /* confdefs.h.  */
| 
| #define PACKAGE_NAME "WanT"
| #define PACKAGE_TARNAME "want"
| #define PACKAGE_VERSION "2.0"
| #define PACKAGE_STRING "WanT 2.0"
| #define PACKAGE_BUGREPORT ""
| /* end confdefs.h.  */
| 
| /* Override any gcc2 internal prototype to avoid an error.  */
| #ifdef __cplusplus
| extern "C"
| #endif
| /* We use char because int might match the return type of a gcc2
|    builtin and then its argument prototype would still apply.  */
| char fftwnd ();
| int
| main ()
| {
| fftwnd ();
|   ;
|   return 0;
| }
configure:4510: icc -o conftest -O3 -O3  -L/opt/intel/fce/10.1.018/lib conftest.c -lfftw -lm  -llapack  -lblas  >&5
ld: cannot find -lfftw
configure:4513: $? = 1
configure: failed program was:
| #line 4486 "configure"
| /* confdefs.h.  */
| 
| #define PACKAGE_NAME "WanT"
| #define PACKAGE_TARNAME "want"
| #define PACKAGE_VERSION "2.0"
| #define PACKAGE_STRING "WanT 2.0"
| #define PACKAGE_BUGREPORT ""
| /* end confdefs.h.  */
| 
| /* Override any gcc2 internal prototype to avoid an error.  */
| #ifdef __cplusplus
| extern "C"
| #endif
| /* We use char because int might match the return type of a gcc2
|    builtin and then its argument prototype would still apply.  */
| char fftwnd ();
| int
| main ()
| {
| fftwnd ();
|   ;
|   return 0;
| }
configure:4533: result: no
configure:4434: checking for library containing fftwnd
configure:4465: icc -o conftest -O3 -O3  -L/opt/intel/cce/10.1.018/lib conftest.c  -llapack  -lblas  >&5
/tmp/iccvbQXtB.o: In function `main':
conftest.c:(.text+0x1d): undefined reference to `fftwnd'
configure:4468: $? = 1
configure: failed program was:
| #line 4441 "configure"
| /* confdefs.h.  */
| 
| #define PACKAGE_NAME "WanT"
| #define PACKAGE_TARNAME "want"
| #define PACKAGE_VERSION "2.0"
| #define PACKAGE_STRING "WanT 2.0"
| #define PACKAGE_BUGREPORT ""
| /* end confdefs.h.  */
| 
| /* Override any gcc2 internal prototype to avoid an error.  */
| #ifdef __cplusplus
| extern "C"
| #endif
| /* We use char because int might match the return type of a gcc2
|    builtin and then its argument prototype would still apply.  */
| char fftwnd ();
| int
| main ()
| {
| fftwnd ();
|   ;
|   return 0;
| }
configure:4510: icc -o conftest -O3 -O3  -L/opt/intel/cce/10.1.018/lib conftest.c -lfftw -lm  -llapack  -lblas  >&5
ld: cannot find -lfftw
configure:4513: $? = 1
configure: failed program was:
| #line 4486 "configure"
| /* confdefs.h.  */
| 
| #define PACKAGE_NAME "WanT"
| #define PACKAGE_TARNAME "want"
| #define PACKAGE_VERSION "2.0"
| #define PACKAGE_STRING "WanT 2.0"
| #define PACKAGE_BUGREPORT ""
| /* end confdefs.h.  */
| 
| /* Override any gcc2 internal prototype to avoid an error.  */
| #ifdef __cplusplus
| extern "C"
| #endif
| /* We use char because int might match the return type of a gcc2
|    builtin and then its argument prototype would still apply.  */
| char fftwnd ();
| int
| main ()
| {
| fftwnd ();
|   ;
|   return 0;
| }
configure:4533: result: no
configure:5054: checking for library containing zggev
configure:5117: result: -llapack
configure:5130: checking for library containing vexp
configure:5143: ifort -o conftest -O2 -assume byterecl  -nomodule  conftest.f -llapack  -llapack  -lblas  >&5
/tmp/iforttSWhxW.o: In function `MAIN__':
conftest.f:(.text+0x29): undefined reference to `vexp_'
configure:5146: $? = 1
configure: failed program was:
|       program main
|       call vexp
|       end
configure:5170: ifort -o conftest -O2 -assume byterecl  -nomodule  conftest.f -l  -llapack  -llapack  -lblas  >&5
ifort: command line warning #10155: ignoring option '-l'; argument required
/tmp/ifortYZIyh4.o: In function `MAIN__':
conftest.f:(.text+0x29): undefined reference to `vexp_'
configure:5173: $? = 1
configure: failed program was:
|       program main
|       call vexp
|       end
configure:5193: result: no
configure:5291: checking for library containing fftwnd
configure:5390: result: no
configure:6084: creating ./config.status

## ---------------------- ##
## Running config.status. ##
## ---------------------- ##

This file was extended by WanT config.status 2.0, which was
generated by GNU Autoconf 2.57.  Invocation command line was

  CONFIG_FILES    = 
  CONFIG_HEADERS  = 
  CONFIG_LINKS    = 
  CONFIG_COMMANDS = 
  $ ./config.status 

on neon.lbl.gov

config.status:630: creating make.sys

## ---------------- ##
## Cache variables. ##
## ---------------- ##

ac_cv_build=x86_64-unknown-linux-gnu
ac_cv_build_alias=x86_64-unknown-linux-gnu
ac_cv_c_compiler_gnu=yes
ac_cv_env_CC_set=
ac_cv_env_CC_value=
ac_cv_env_CFLAGS_set=
ac_cv_env_CFLAGS_value=
ac_cv_env_CPPFLAGS_set=
ac_cv_env_CPPFLAGS_value=
ac_cv_env_CPP_set=
ac_cv_env_CPP_value=
ac_cv_env_F77_set=
ac_cv_env_F77_value=
ac_cv_env_FFLAGS_set=
ac_cv_env_FFLAGS_value=
ac_cv_env_LDFLAGS_set=
ac_cv_env_LDFLAGS_value=
ac_cv_env_build_alias_set=
ac_cv_env_build_alias_value=
ac_cv_env_host_alias_set=
ac_cv_env_host_alias_value=
ac_cv_env_target_alias_set=
ac_cv_env_target_alias_value=
ac_cv_exeext=
ac_cv_f77_compiler_gnu=no
ac_cv_objext=o
ac_cv_prog_CPP='icc -E'
ac_cv_prog_ac_ct_CC=icc
ac_cv_prog_ac_ct_F77=ifort
ac_cv_prog_cc_g=yes
ac_cv_prog_cc_stdc=
ac_cv_prog_f77_g=yes
ac_cv_prog_make_make_set=yes
ac_cv_search_dgemm=-lblas
ac_cv_search_fftwnd=no
ac_cv_search_vexp=no
ac_cv_search_zggev=-llapack

## ----------------- ##
## Output variables. ##
## ----------------- ##

CC='icc'
CFLAGS='-O3'
CPP='icc -E'
CPPFLAGS='-O3'
DEFS='-DPACKAGE_NAME=\"WanT\" -DPACKAGE_TARNAME=\"want\" -DPACKAGE_VERSION=\"2.0\" -DPACKAGE_STRING=\"WanT\ 2.0\" -DPACKAGE_BUGREPORT=\"\" '
ECHO_C=''
ECHO_N='-n'
ECHO_T=''
EGREP=''
EXEEXT=''
F77='ifort'
FFLAGS='-O2 -assume byterecl  -nomodule'
LDFLAGS=''
LIBOBJS=''
LIBS='-llapack  -llapack  -lblas '
LTLIBOBJS=''
OBJEXT='o'
PACKAGE_BUGREPORT=''
PACKAGE_NAME='WanT'
PACKAGE_STRING='WanT 2.0'
PACKAGE_TARNAME='want'
PACKAGE_VERSION='2.0'
PATH_SEPARATOR=':'
SET_MAKE=''
SHELL='/bin/bash'
ac_ct_CC='icc'
ac_ct_F77='ifort'
ar='ar'
arflags='ruv'
bindir='${exec_prefix}/bin'
build='x86_64-unknown-linux-gnu'
build_alias=''
build_cpu='x86_64'
build_os='linux-gnu'
build_vendor='unknown'
cc='icc'
cflags='-O3'
cpp='icc -E'
cppflags=''
datadir='${prefix}/share'
dflags='-D__LINUX64 -D__INTEL -D__FFTW -D__USE_INTERNAL_FFTW'
exec_prefix='${prefix}'
f77='ifort'
f90='ifort'
f90flags='$(FFLAGS) -nomodule'
f90flags_noopt='$(FFLAGS_NOOPT) -nomodule'
f90rule='$(F90) $(F90FLAGS) -c $<'
fdflags='$(DFLAGS)'
fflags='-O2 -assume byterecl'
fflags_noopt='-O0 -assume byterecl'
host_alias=''
ifftw=''
imod='-I'
includedir='${prefix}/include'
infodir='${prefix}/info'
ld='ifort'
ldflags=''
libdir='${exec_prefix}/lib'
libexecdir='${exec_prefix}/libexec'
libs=' -llapack  -lblas '
localstatedir='${prefix}/var'
mandir='${prefix}/man'
mylib=''
oldincludedir='/usr/include'
pre_fdflags='-fpp '
prefix='/usr/local'
program_transform_name='s,x,x,'
ranlib='echo'
sbindir='${exec_prefix}/sbin'
sharedstatedir='${prefix}/com'
sysconfdir='${prefix}/etc'
target_alias=''

## ----------- ##
## confdefs.h. ##
## ----------- ##

#define PACKAGE_BUGREPORT ""
#define PACKAGE_NAME "WanT"
#define PACKAGE_STRING "WanT 2.0"
#define PACKAGE_TARNAME "want"
#define PACKAGE_VERSION "2.0"

configure: exit 0
